  [1m[35m (0.1ms)[0m  [1m[34mSELECT sqlite_version(*)[0m
  ↳ C:/Ruby26-x64/bin/rake:31
  [1m[35m (11.6ms)[0m  [1m[35mCREATE TABLE "schema_migrations" ("version" varchar NOT NULL PRIMARY KEY)[0m
  ↳ C:/Ruby26-x64/bin/rake:31
  [1m[35m (7.2ms)[0m  [1m[35mCREATE TABLE "ar_internal_metadata" ("key" varchar NOT NULL PRIMARY KEY, "value" varchar, "created_at" datetime NOT NULL, "updated_at" datetime NOT NULL)[0m
  ↳ C:/Ruby26-x64/bin/rake:31
  [1m[35m (0.4ms)[0m  [1m[34mSELECT "schema_migrations"."version" FROM "schema_migrations" ORDER BY "schema_migrations"."version" ASC[0m
  ↳ C:/Ruby26-x64/bin/rake:31
Migrating to CreateAirplanes (20190711121755)
  [1m[35m (0.1ms)[0m  [1m[36mbegin transaction[0m
  ↳ C:/Ruby26-x64/bin/rake:31
  [1m[35m (1.6ms)[0m  [1m[35mCREATE TABLE "airplanes" ("id" integer PRIMARY KEY AUTOINCREMENT NOT NULL, "code" varchar, "seat_capacity" integer, "destination" varchar, "time_in" datetime, "time_out" datetime, "created_at" datetime NOT NULL, "updated_at" datetime NOT NULL)[0m
  ↳ db/migrate/20190711121755_create_airplanes.rb:3
  [1m[36mActiveRecord::SchemaMigration Create (0.4ms)[0m  [1m[32mINSERT INTO "schema_migrations" ("version") VALUES (?)[0m  [["version", "20190711121755"]]
  ↳ C:/Ruby26-x64/bin/rake:31
  [1m[35m (6.5ms)[0m  [1m[36mcommit transaction[0m
  ↳ C:/Ruby26-x64/bin/rake:31
  [1m[36mActiveRecord::InternalMetadata Load (0.4ms)[0m  [1m[34mSELECT  "ar_internal_metadata".* FROM "ar_internal_metadata" WHERE "ar_internal_metadata"."key" = ? LIMIT ?[0m  [["key", "environment"], ["LIMIT", 1]]
  ↳ C:/Ruby26-x64/bin/rake:31
  [1m[35m (0.1ms)[0m  [1m[36mbegin transaction[0m
  ↳ C:/Ruby26-x64/bin/rake:31
  [1m[36mActiveRecord::InternalMetadata Create (1.5ms)[0m  [1m[32mINSERT INTO "ar_internal_metadata" ("key", "value", "created_at", "updated_at") VALUES (?, ?, ?, ?)[0m  [["key", "environment"], ["value", "development"], ["created_at", "2019-07-15 06:08:57.384522"], ["updated_at", "2019-07-15 06:08:57.384522"]]
  ↳ C:/Ruby26-x64/bin/rake:31
  [1m[35m (6.7ms)[0m  [1m[36mcommit transaction[0m
  ↳ C:/Ruby26-x64/bin/rake:31
  [1m[35m (1.9ms)[0m  [1m[34mSELECT "schema_migrations"."version" FROM "schema_migrations" ORDER BY "schema_migrations"."version" ASC[0m
  ↳ C:/Ruby26-x64/bin/rake:31
Started GET "/airplanes.1" for ::1 at 2019-07-15 14:09:15 +0800
  [1m[35m (0.3ms)[0m  [1m[34mSELECT "schema_migrations"."version" FROM "schema_migrations" ORDER BY "schema_migrations"."version" ASC[0m
  ↳ C:/Ruby26-x64/lib/ruby/gems/2.6.0/gems/activerecord-5.2.3/lib/active_record/log_subscriber.rb:98
Processing by AirplanesController#index as 
  Rendering airplanes/index.html.erb within layouts/application
  [1m[36mAirplane Load (0.3ms)[0m  [1m[34mSELECT "airplanes".* FROM "airplanes"[0m
  ↳ app/views/airplanes/index.html.erb:37
  Rendered airplanes/index.html.erb within layouts/application (8.9ms)
Started GET "/" for ::1 at 2019-07-15 14:09:19 +0800
Completed 200 OK in 11749ms (Views: 11735.7ms | ActiveRecord: 1.2ms)


Processing by PagesController#home as HTML
  Rendering pages/home.html.erb within layouts/application
  Rendered pages/home.html.erb within layouts/application (0.6ms)
Completed 200 OK in 307ms (Views: 304.9ms | ActiveRecord: 0.0ms)


Started GET "/airplanes/new" for ::1 at 2019-07-15 14:09:33 +0800
Processing by AirplanesController#new as HTML
  Rendering airplanes/new.html.erb within layouts/application
  Rendered airplanes/_form.html.erb (84.2ms)
  Rendered airplanes/new.html.erb within layouts/application (94.0ms)
Completed 200 OK in 332ms (Views: 317.2ms | ActiveRecord: 2.1ms)


Started POST "/airplanes" for ::1 at 2019-07-15 14:12:42 +0800
Processing by AirplanesController#create as HTML
  Parameters: {"utf8"=>"✓", "authenticity_token"=>"vzDVKWHtXDadnffJBYN+1IDZVL+FcXUTbEk0DPd0ojvNPzA0BrXdpohZpln6Tv5bxeNdRz5sqeq2yeGBALUKzA==", "airplane"=>{"code"=>"1", "seat_capacity"=>"3", "time_in"=>"11:00", "time_out"=>"11:00", "destination"=>"Philippines"}, "commit"=>"Create Airport log"}
  [1m[35m (0.1ms)[0m  [1m[36mbegin transaction[0m
  ↳ app/controllers/airplanes_controller.rb:16
  [1m[36mAirplane Create (9.3ms)[0m  [1m[32mINSERT INTO "airplanes" ("code", "seat_capacity", "destination", "time_in", "time_out", "created_at", "updated_at") VALUES (?, ?, ?, ?, ?, ?, ?)[0m  [["code", "1"], ["seat_capacity", 3], ["destination", "Philippines"], ["time_in", "2019-07-15 11:00:00"], ["time_out", "2019-07-15 11:00:00"], ["created_at", "2019-07-15 06:12:42.343659"], ["updated_at", "2019-07-15 06:12:42.343659"]]
  ↳ app/controllers/airplanes_controller.rb:16
  [1m[35m (7.6ms)[0m  [1m[36mcommit transaction[0m
  ↳ app/controllers/airplanes_controller.rb:16
Redirected to http://localhost:3000/airplanes.1
Completed 302 Found in 40ms (ActiveRecord: 17.0ms)


Started GET "/airplanes.1" for ::1 at 2019-07-15 14:12:42 +0800
Processing by AirplanesController#index as 
  Rendering airplanes/index.html.erb within layouts/application
  [1m[36mAirplane Load (0.9ms)[0m  [1m[34mSELECT "airplanes".* FROM "airplanes"[0m
  ↳ app/views/airplanes/index.html.erb:37
  Rendered airplanes/index.html.erb within layouts/application (17.1ms)
Completed 200 OK in 299ms (Views: 297.0ms | ActiveRecord: 0.9ms)


Started GET "/home" for ::1 at 2019-07-15 14:13:07 +0800
Processing by PagesController#home as HTML
  Rendering pages/home.html.erb within layouts/application
  Rendered pages/home.html.erb within layouts/application (0.5ms)
Completed 200 OK in 359ms (Views: 357.8ms | ActiveRecord: 0.0ms)


Started GET "/airplanes/new" for ::1 at 2019-07-15 14:13:10 +0800
Processing by AirplanesController#new as HTML
  Rendering airplanes/new.html.erb within layouts/application
  Rendered airplanes/_form.html.erb (3.3ms)
  Rendered airplanes/new.html.erb within layouts/application (7.4ms)
Completed 200 OK in 270ms (Views: 269.6ms | ActiveRecord: 0.0ms)


  [1m[35m (0.2ms)[0m  [1m[34mSELECT "schema_migrations"."version" FROM "schema_migrations" ORDER BY "schema_migrations"."version" ASC[0m
  ↳ C:/Ruby26-x64/bin/rake:31
  [1m[36mActiveRecord::InternalMetadata Load (0.2ms)[0m  [1m[34mSELECT  "ar_internal_metadata".* FROM "ar_internal_metadata" WHERE "ar_internal_metadata"."key" = ? LIMIT ?[0m  [["key", "environment"], ["LIMIT", 1]]
  ↳ C:/Ruby26-x64/bin/rake:31
  [1m[35m (0.0ms)[0m  [1m[36mbegin transaction[0m
  ↳ C:/Ruby26-x64/bin/rake:31
  [1m[35m (0.0ms)[0m  [1m[36mcommit transaction[0m
  ↳ C:/Ruby26-x64/bin/rake:31
  [1m[35m (0.1ms)[0m  [1m[34mSELECT "schema_migrations"."version" FROM "schema_migrations" ORDER BY "schema_migrations"."version" ASC[0m
  ↳ C:/Ruby26-x64/bin/rake:31
Started GET "/" for ::1 at 2019-07-15 14:16:29 +0800
  [1m[35m (0.4ms)[0m  [1m[34mSELECT "schema_migrations"."version" FROM "schema_migrations" ORDER BY "schema_migrations"."version" ASC[0m
  ↳ C:/Ruby26-x64/lib/ruby/gems/2.6.0/gems/activerecord-5.2.3/lib/active_record/log_subscriber.rb:98
Processing by PagesController#home as HTML
  Rendering pages/home.html.erb within layouts/application
  Rendered pages/home.html.erb within layouts/application (5.3ms)
Completed 200 OK in 5616ms (Views: 5607.8ms | ActiveRecord: 0.0ms)


Started GET "/airplanes/new" for ::1 at 2019-07-15 14:16:38 +0800
Processing by AirplanesController#new as HTML
  Rendering airplanes/new.html.erb within layouts/application
  Rendered airplanes/_form.html.erb (70.9ms)
  Rendered airplanes/new.html.erb within layouts/application (77.5ms)
Completed 200 OK in 428ms (Views: 379.2ms | ActiveRecord: 2.3ms)


Started GET "/airplanes" for ::1 at 2019-07-15 14:16:51 +0800
Processing by AirplanesController#index as HTML
  Rendering airplanes/index.html.erb within layouts/application
  [1m[36mAirplane Load (0.5ms)[0m  [1m[34mSELECT "airplanes".* FROM "airplanes"[0m
  ↳ app/views/airplanes/index.html.erb:37
  Rendered airplanes/index.html.erb within layouts/application (15.2ms)
Completed 200 OK in 230ms (Views: 228.3ms | ActiveRecord: 0.5ms)


Started GET "/airplanes/new" for ::1 at 2019-07-15 14:17:23 +0800
Processing by AirplanesController#new as HTML
  Rendering airplanes/new.html.erb within layouts/application
  Rendered airplanes/_form.html.erb (4.8ms)
  Rendered airplanes/new.html.erb within layouts/application (11.5ms)
Completed 200 OK in 267ms (Views: 265.2ms | ActiveRecord: 0.0ms)


Started POST "/airplanes" for ::1 at 2019-07-15 14:22:38 +0800
Processing by AirplanesController#create as HTML
  Parameters: {"utf8"=>"✓", "authenticity_token"=>"a5/LN68IbwYIfyZ1W1HWUJyXGxYoVCIfuf6ZX/mfWygZkC4qyFDulh27d+WknFbf2a0S7pNJ/uZjfkzSDl7z3w==", "airplane"=>{"code"=>"", "seat_capacity"=>"", "time_in"=>"", "time_out"=>"", "destination"=>"Philippines"}, "commit"=>"Create Airport log"}
  [1m[35m (0.1ms)[0m  [1m[36mbegin transaction[0m
  ↳ app/controllers/airplanes_controller.rb:16
  [1m[35m (0.1ms)[0m  [1m[31mrollback transaction[0m
  ↳ app/controllers/airplanes_controller.rb:16
  Rendering airplanes/new.html.erb within layouts/application
  Rendered airplanes/_form.html.erb (6.8ms)
  Rendered airplanes/new.html.erb within layouts/application (14.7ms)
Completed 200 OK in 289ms (Views: 278.4ms | ActiveRecord: 0.2ms)


  [1m[35m (0.2ms)[0m  [1m[34mSELECT "schema_migrations"."version" FROM "schema_migrations" ORDER BY "schema_migrations"."version" ASC[0m
  ↳ C:/Ruby26-x64/bin/rake:31
  [1m[36mActiveRecord::InternalMetadata Load (0.2ms)[0m  [1m[34mSELECT  "ar_internal_metadata".* FROM "ar_internal_metadata" WHERE "ar_internal_metadata"."key" = ? LIMIT ?[0m  [["key", "environment"], ["LIMIT", 1]]
  ↳ C:/Ruby26-x64/bin/rake:31
  [1m[35m (0.0ms)[0m  [1m[36mbegin transaction[0m
  ↳ C:/Ruby26-x64/bin/rake:31
  [1m[35m (0.0ms)[0m  [1m[36mcommit transaction[0m
  ↳ C:/Ruby26-x64/bin/rake:31
  [1m[35m (0.1ms)[0m  [1m[34mSELECT "schema_migrations"."version" FROM "schema_migrations" ORDER BY "schema_migrations"."version" ASC[0m
  ↳ C:/Ruby26-x64/bin/rake:31
Started GET "/home" for ::1 at 2019-07-15 14:34:59 +0800
  [1m[35m (0.5ms)[0m  [1m[34mSELECT "schema_migrations"."version" FROM "schema_migrations" ORDER BY "schema_migrations"."version" ASC[0m
  ↳ C:/Ruby26-x64/lib/ruby/gems/2.6.0/gems/activerecord-5.2.3/lib/active_record/log_subscriber.rb:98
Processing by PagesController#home as HTML
  Rendering pages/home.html.erb within layouts/application
  Rendered pages/home.html.erb within layouts/application (5.0ms)
Completed 200 OK in 1244ms (Views: 1235.4ms | ActiveRecord: 0.0ms)


Started GET "/home" for ::1 at 2019-07-15 14:35:03 +0800
Processing by PagesController#home as HTML
  Rendering pages/home.html.erb within layouts/application
  Rendered pages/home.html.erb within layouts/application (1.2ms)
Completed 200 OK in 409ms (Views: 407.2ms | ActiveRecord: 0.0ms)


Started GET "/members" for ::1 at 2019-07-15 14:35:14 +0800
Processing by PagesController#members as HTML
  Rendering pages/members.html.erb within layouts/application
  Rendered pages/members.html.erb within layouts/application (0.9ms)
Completed 200 OK in 236ms (Views: 234.4ms | ActiveRecord: 0.0ms)


Started GET "/airplanes" for ::1 at 2019-07-15 14:35:17 +0800
Processing by AirplanesController#index as HTML
  Rendering airplanes/index.html.erb within layouts/application
  [1m[36mAirplane Load (0.6ms)[0m  [1m[34mSELECT "airplanes".* FROM "airplanes"[0m
  ↳ app/views/airplanes/index.html.erb:37
  Rendered airplanes/index.html.erb within layouts/application (29.9ms)
Completed 200 OK in 286ms (Views: 267.2ms | ActiveRecord: 2.8ms)


Started GET "/airplanes/1" for ::1 at 2019-07-15 14:35:23 +0800
Processing by AirplanesController#show as HTML
  Parameters: {"id"=>"1"}
  [1m[36mAirplane Load (0.5ms)[0m  [1m[34mSELECT  "airplanes".* FROM "airplanes" WHERE "airplanes"."id" = ? LIMIT ?[0m  [["id", 1], ["LIMIT", 1]]
  ↳ app/controllers/airplanes_controller.rb:25
  Rendering airplanes/show.html.erb within layouts/application
  Rendered airplanes/show.html.erb within layouts/application (2.8ms)
Completed 200 OK in 234ms (Views: 220.9ms | ActiveRecord: 0.5ms)


Started GET "/airplanes/1/edit" for ::1 at 2019-07-15 14:35:30 +0800
Processing by AirplanesController#edit as HTML
  Parameters: {"id"=>"1"}
  [1m[36mAirplane Load (0.5ms)[0m  [1m[34mSELECT  "airplanes".* FROM "airplanes" WHERE "airplanes"."id" = ? LIMIT ?[0m  [["id", 1], ["LIMIT", 1]]
  ↳ app/controllers/airplanes_controller.rb:30
  Rendering airplanes/edit.html.erb within layouts/application
  Rendered airplanes/edit.html.erb within layouts/application (78.7ms)
Completed 200 OK in 446ms (Views: 433.5ms | ActiveRecord: 0.5ms)


Started PATCH "/airplanes/1" for ::1 at 2019-07-15 14:35:39 +0800
Processing by AirplanesController#update as HTML
  Parameters: {"utf8"=>"✓", "authenticity_token"=>"h2Wi1f9zfkCg4lIo1qSz1ekf/cO3TFdUcvpS1jwkGmn6Mh+wNcSRJsJuv2CrGMLS+Zt0sdQ+VFgQmC3Jg5A5nQ==", "airplane"=>{"code"=>"2", "seat_capacity"=>"3", "time_in"=>"2019-07-15 11:00:00 UTC", "time_out"=>"2019-07-15 11:00:00 UTC", "destination"=>"Switzerland"}, "commit"=>"Update Airport Log", "id"=>"1"}
  [1m[36mAirplane Load (0.7ms)[0m  [1m[34mSELECT  "airplanes".* FROM "airplanes" WHERE "airplanes"."id" = ? LIMIT ?[0m  [["id", 1], ["LIMIT", 1]]
  ↳ app/controllers/airplanes_controller.rb:34
  [1m[35m (0.2ms)[0m  [1m[36mbegin transaction[0m
  ↳ app/controllers/airplanes_controller.rb:36
  [1m[36mAirplane Update (10.5ms)[0m  [1m[33mUPDATE "airplanes" SET "code" = ?, "destination" = ?, "updated_at" = ? WHERE "airplanes"."id" = ?[0m  [["code", "2"], ["destination", "Switzerland"], ["updated_at", "2019-07-15 06:35:39.993452"], ["id", 1]]
  ↳ app/controllers/airplanes_controller.rb:36
  [1m[35m (10.2ms)[0m  [1m[36mcommit transaction[0m
  ↳ app/controllers/airplanes_controller.rb:36
Redirected to http://localhost:3000/airplanes/1
Completed 302 Found in 59ms (ActiveRecord: 21.6ms)


Started GET "/airplanes/1" for ::1 at 2019-07-15 14:35:40 +0800
Processing by AirplanesController#show as HTML
  Parameters: {"id"=>"1"}
  [1m[36mAirplane Load (0.7ms)[0m  [1m[34mSELECT  "airplanes".* FROM "airplanes" WHERE "airplanes"."id" = ? LIMIT ?[0m  [["id", 1], ["LIMIT", 1]]
  ↳ app/controllers/airplanes_controller.rb:25
  Rendering airplanes/show.html.erb within layouts/application
  Rendered airplanes/show.html.erb within layouts/application (4.8ms)
Completed 200 OK in 312ms (Views: 302.9ms | ActiveRecord: 0.7ms)


Started GET "/airplanes" for ::1 at 2019-07-15 14:35:46 +0800
Processing by AirplanesController#index as HTML
  Rendering airplanes/index.html.erb within layouts/application
  [1m[36mAirplane Load (0.9ms)[0m  [1m[34mSELECT "airplanes".* FROM "airplanes"[0m
  ↳ app/views/airplanes/index.html.erb:37
  Rendered airplanes/index.html.erb within layouts/application (11.6ms)
Completed 200 OK in 303ms (Views: 297.6ms | ActiveRecord: 0.9ms)


Started DELETE "/airplanes/1" for ::1 at 2019-07-15 14:35:52 +0800
Processing by AirplanesController#destroy as HTML
  Parameters: {"authenticity_token"=>"ECYFLqKs2D2oMdDSiTp99qCSgMGyCKZH/lGaPViQxXvR//9B+1WKoWij2zqAqE0tIo5Nv9P5XBuBG49jxL9sVA==", "id"=>"1"}
  [1m[36mAirplane Load (1.3ms)[0m  [1m[34mSELECT  "airplanes".* FROM "airplanes" WHERE "airplanes"."id" = ? LIMIT ?[0m  [["id", 1], ["LIMIT", 1]]
  ↳ app/controllers/airplanes_controller.rb:45
  [1m[35m (0.2ms)[0m  [1m[36mbegin transaction[0m
  ↳ app/controllers/airplanes_controller.rb:46
  [1m[36mAirplane Destroy (6.1ms)[0m  [1m[31mDELETE FROM "airplanes" WHERE "airplanes"."id" = ?[0m  [["id", 1]]
  ↳ app/controllers/airplanes_controller.rb:46
  [1m[35m (14.9ms)[0m  [1m[36mcommit transaction[0m
  ↳ app/controllers/airplanes_controller.rb:46
Redirected to http://localhost:3000/airplanes
Completed 302 Found in 73ms (ActiveRecord: 22.5ms)


Started GET "/airplanes" for ::1 at 2019-07-15 14:35:52 +0800
Processing by AirplanesController#index as HTML
  Rendering airplanes/index.html.erb within layouts/application
  [1m[36mAirplane Load (1.0ms)[0m  [1m[34mSELECT "airplanes".* FROM "airplanes"[0m
  ↳ app/views/airplanes/index.html.erb:37
  Rendered airplanes/index.html.erb within layouts/application (11.3ms)
Completed 200 OK in 363ms (Views: 360.2ms | ActiveRecord: 1.0ms)


Started GET "/airplanes/new" for ::1 at 2019-07-15 14:35:57 +0800
Processing by AirplanesController#new as HTML
  Rendering airplanes/new.html.erb within layouts/application
  Rendered airplanes/_form.html.erb (10.5ms)
  Rendered airplanes/new.html.erb within layouts/application (18.2ms)
Completed 200 OK in 341ms (Views: 340.0ms | ActiveRecord: 0.0ms)


Started POST "/airplanes" for ::1 at 2019-07-15 14:36:09 +0800
Processing by AirplanesController#create as HTML
  Parameters: {"utf8"=>"✓", "authenticity_token"=>"RyCYns9PdljWMYDrSC7SEx7anJlfkUcIS7SxOAhhVOA1L32DqBf3yMP10Xu341KcW+CVYeSMm/GRNGS1/6D8Fw==", "airplane"=>{"code"=>"2", "seat_capacity"=>"100", "time_in"=>"2", "time_out"=>"4", "destination"=>"Malaysia"}, "commit"=>"Create Airport log"}
  [1m[35m (0.2ms)[0m  [1m[36mbegin transaction[0m
  ↳ app/controllers/airplanes_controller.rb:16
  [1m[35m (0.1ms)[0m  [1m[31mrollback transaction[0m
  ↳ app/controllers/airplanes_controller.rb:16
  Rendering airplanes/new.html.erb within layouts/application
  Rendered airplanes/_form.html.erb (5.9ms)
  Rendered airplanes/new.html.erb within layouts/application (17.5ms)
Completed 200 OK in 274ms (Views: 258.7ms | ActiveRecord: 0.3ms)


Started POST "/airplanes" for ::1 at 2019-07-15 14:36:19 +0800
Processing by AirplanesController#create as HTML
  Parameters: {"utf8"=>"✓", "authenticity_token"=>"bWAySKmI34mr2L3fJZG7GQ4AsqQi4IkcMqyy+XPd5y+sucgn8HGNFWtKtjcsA4vCjBx/2kMRc0BN5qen7/JOAA==", "airplane"=>{"code"=>"2", "seat_capacity"=>"100", "time_in"=>"2:00", "time_out"=>"4:00", "destination"=>"Malaysia"}, "commit"=>"Create Airport log"}
  [1m[35m (0.2ms)[0m  [1m[36mbegin transaction[0m
  ↳ app/controllers/airplanes_controller.rb:16
  [1m[36mAirplane Create (6.7ms)[0m  [1m[32mINSERT INTO "airplanes" ("code", "seat_capacity", "destination", "time_in", "time_out", "created_at", "updated_at") VALUES (?, ?, ?, ?, ?, ?, ?)[0m  [["code", "2"], ["seat_capacity", 100], ["destination", "Malaysia"], ["time_in", "2019-07-15 02:00:00"], ["time_out", "2019-07-15 04:00:00"], ["created_at", "2019-07-15 06:36:19.905775"], ["updated_at", "2019-07-15 06:36:19.905775"]]
  ↳ app/controllers/airplanes_controller.rb:16
  [1m[35m (10.4ms)[0m  [1m[36mcommit transaction[0m
  ↳ app/controllers/airplanes_controller.rb:16
Redirected to http://localhost:3000/airplanes.2
Completed 302 Found in 59ms (ActiveRecord: 17.2ms)


Started GET "/airplanes.2" for ::1 at 2019-07-15 14:36:20 +0800
Processing by AirplanesController#index as 
  Rendering airplanes/index.html.erb within layouts/application
  [1m[36mAirplane Load (0.6ms)[0m  [1m[34mSELECT "airplanes".* FROM "airplanes"[0m
  ↳ app/views/airplanes/index.html.erb:37
  Rendered airplanes/index.html.erb within layouts/application (10.8ms)
Completed 200 OK in 367ms (Views: 364.7ms | ActiveRecord: 0.6ms)


Started GET "/members" for ::1 at 2019-07-15 14:36:36 +0800
Processing by PagesController#members as HTML
  Rendering pages/members.html.erb within layouts/application
  Rendered pages/members.html.erb within layouts/application (0.8ms)
Completed 200 OK in 354ms (Views: 352.4ms | ActiveRecord: 0.0ms)


Started GET "/home" for ::1 at 2019-07-15 14:36:37 +0800
Processing by PagesController#home as HTML
  Rendering pages/home.html.erb within layouts/application
  Rendered pages/home.html.erb within layouts/application (0.8ms)
Completed 200 OK in 289ms (Views: 286.1ms | ActiveRecord: 0.0ms)


Started GET "/airplanes" for ::1 at 2019-07-15 14:36:40 +0800
Processing by AirplanesController#index as HTML
  Rendering airplanes/index.html.erb within layouts/application
  [1m[36mAirplane Load (1.1ms)[0m  [1m[34mSELECT "airplanes".* FROM "airplanes"[0m
  ↳ app/views/airplanes/index.html.erb:37
  Rendered airplanes/index.html.erb within layouts/application (12.5ms)
Completed 200 OK in 303ms (Views: 301.5ms | ActiveRecord: 1.1ms)


Started GET "/airplanes/new" for ::1 at 2019-07-15 14:36:48 +0800
Processing by AirplanesController#new as HTML
  Rendering airplanes/new.html.erb within layouts/application
  Rendered airplanes/_form.html.erb (6.9ms)
  Rendered airplanes/new.html.erb within layouts/application (20.6ms)
Completed 200 OK in 569ms (Views: 566.9ms | ActiveRecord: 0.0ms)


Started POST "/airplanes" for ::1 at 2019-07-15 14:36:50 +0800
Processing by AirplanesController#create as HTML
  Parameters: {"utf8"=>"✓", "authenticity_token"=>"gvnivfspyFFNKXc36nFCMWoA+otB1t58qTwmTImDu5zw9gegnHFJwVjtJqcVvMK+Lzrzc/rLAoVzvPPBfkITaw==", "airplane"=>{"code"=>"", "seat_capacity"=>"", "time_in"=>"", "time_out"=>"", "destination"=>"Philippines"}, "commit"=>"Create Airport log"}
  [1m[35m (0.4ms)[0m  [1m[36mbegin transaction[0m
  ↳ app/controllers/airplanes_controller.rb:16
  [1m[35m (0.1ms)[0m  [1m[31mrollback transaction[0m
  ↳ app/controllers/airplanes_controller.rb:16
  Rendering airplanes/new.html.erb within layouts/application
  Rendered airplanes/_form.html.erb (6.2ms)
  Rendered airplanes/new.html.erb within layouts/application (23.1ms)
Completed 200 OK in 395ms (Views: 379.5ms | ActiveRecord: 0.5ms)


Started GET "/airplanes/new" for ::1 at 2019-07-15 14:37:37 +0800
Processing by AirplanesController#new as HTML
  Rendering airplanes/new.html.erb within layouts/application
  Rendered airplanes/_form.html.erb (4.9ms)
  Rendered airplanes/new.html.erb within layouts/application (12.6ms)
Completed 200 OK in 295ms (Views: 294.0ms | ActiveRecord: 0.0ms)


Started GET "/airplanes" for ::1 at 2019-07-15 14:37:39 +0800
Processing by AirplanesController#index as HTML
  Rendering airplanes/index.html.erb within layouts/application
  [1m[36mAirplane Load (0.8ms)[0m  [1m[34mSELECT "airplanes".* FROM "airplanes"[0m
  ↳ app/views/airplanes/index.html.erb:37
  Rendered airplanes/index.html.erb within layouts/application (10.7ms)
Completed 200 OK in 295ms (Views: 293.3ms | ActiveRecord: 0.8ms)


Started GET "/airplanes/2/edit" for ::1 at 2019-07-15 14:37:48 +0800
Processing by AirplanesController#edit as HTML
  Parameters: {"id"=>"2"}
  [1m[36mAirplane Load (0.3ms)[0m  [1m[34mSELECT  "airplanes".* FROM "airplanes" WHERE "airplanes"."id" = ? LIMIT ?[0m  [["id", 2], ["LIMIT", 1]]
  ↳ app/controllers/airplanes_controller.rb:30
  Rendering airplanes/edit.html.erb within layouts/application
  Rendered airplanes/edit.html.erb within layouts/application (7.9ms)
Completed 200 OK in 234ms (Views: 226.0ms | ActiveRecord: 0.3ms)


Started GET "/home" for ::1 at 2019-07-15 14:38:20 +0800
Processing by PagesController#home as HTML
  Rendering pages/home.html.erb within layouts/application
  Rendered pages/home.html.erb within layouts/application (0.8ms)
Completed 200 OK in 390ms (Views: 388.8ms | ActiveRecord: 0.0ms)


Started GET "/airplanes/new" for ::1 at 2019-07-15 14:38:27 +0800
Processing by AirplanesController#new as HTML
  Rendering airplanes/new.html.erb within layouts/application
  Rendered airplanes/_form.html.erb (5.1ms)
  Rendered airplanes/new.html.erb within layouts/application (10.5ms)
Completed 200 OK in 286ms (Views: 285.6ms | ActiveRecord: 0.0ms)


Started POST "/airplanes" for ::1 at 2019-07-15 14:38:28 +0800
Processing by AirplanesController#create as HTML
  Parameters: {"utf8"=>"✓", "authenticity_token"=>"7UmlI4DdzR2I5I4scUVFLyqcpG+Lqs6cRlawZt2TUhufRkA+54VMjZ0g37yOiMWgb6atlzC3EmWc1mXrKlL67A==", "airplane"=>{"code"=>"", "seat_capacity"=>"", "time_in"=>"", "time_out"=>"", "destination"=>"Philippines"}, "commit"=>"Create Airport log"}
  [1m[35m (0.1ms)[0m  [1m[36mbegin transaction[0m
  ↳ app/controllers/airplanes_controller.rb:16
  [1m[35m (0.1ms)[0m  [1m[31mrollback transaction[0m
  ↳ app/controllers/airplanes_controller.rb:16
  Rendering airplanes/new.html.erb within layouts/application
  Rendered airplanes/_form.html.erb (9.3ms)
  Rendered airplanes/new.html.erb within layouts/application (22.8ms)
Completed 200 OK in 318ms (Views: 297.0ms | ActiveRecord: 0.2ms)


Started GET "/airplanes" for ::1 at 2019-07-15 14:40:32 +0800
  [1m[35m (0.4ms)[0m  [1m[34mSELECT "schema_migrations"."version" FROM "schema_migrations" ORDER BY "schema_migrations"."version" ASC[0m
  ↳ C:/Ruby26-x64/lib/ruby/gems/2.6.0/gems/activerecord-5.2.3/lib/active_record/log_subscriber.rb:98
Processing by AirplanesController#index as HTML
  Rendering airplanes/index.html.erb within layouts/application
  [1m[36mAirplane Load (0.3ms)[0m  [1m[34mSELECT "airplanes".* FROM "airplanes"[0m
  ↳ app/views/airplanes/index.html.erb:37
  Rendered airplanes/index.html.erb within layouts/application (18.2ms)
Started GET "/airplanes" for ::1 at 2019-07-15 14:40:33 +0800
Completed 200 OK in 666ms (Views: 656.3ms | ActiveRecord: 1.4ms)


Processing by AirplanesController#index as HTML
  Rendering airplanes/index.html.erb within layouts/application
  [1m[36mAirplane Load (0.4ms)[0m  [1m[34mSELECT "airplanes".* FROM "airplanes"[0m
  ↳ app/views/airplanes/index.html.erb:37
  Rendered airplanes/index.html.erb within layouts/application (7.1ms)
Completed 200 OK in 89ms (Views: 88.2ms | ActiveRecord: 0.4ms)


Started GET "/airplanes" for ::1 at 2019-07-15 14:43:47 +0800
Processing by AirplanesController#index as HTML
  Rendering airplanes/index.html.erb within layouts/application
  [1m[36mAirplane Load (0.4ms)[0m  [1m[34mSELECT "airplanes".* FROM "airplanes"[0m
  ↳ app/views/airplanes/index.html.erb:39
  Rendered airplanes/index.html.erb within layouts/application (7.1ms)
Completed 200 OK in 415ms (Views: 413.2ms | ActiveRecord: 0.4ms)


Started GET "/airplanes" for ::1 at 2019-07-15 14:44:21 +0800
Processing by AirplanesController#index as HTML
  Rendering airplanes/index.html.erb within layouts/application
  [1m[36mAirplane Load (0.2ms)[0m  [1m[34mSELECT "airplanes".* FROM "airplanes"[0m
  ↳ app/views/airplanes/index.html.erb:39
  Rendered airplanes/index.html.erb within layouts/application (4.6ms)
Completed 200 OK in 153ms (Views: 151.7ms | ActiveRecord: 0.2ms)


Started GET "/airplanes" for ::1 at 2019-07-15 14:47:34 +0800
Processing by AirplanesController#index as HTML
  Rendering airplanes/index.html.erb within layouts/application
  [1m[36mAirplane Load (0.9ms)[0m  [1m[34mSELECT "airplanes".* FROM "airplanes"[0m
  ↳ app/views/airplanes/index.html.erb:39
  Rendered airplanes/index.html.erb within layouts/application (6.9ms)
Completed 200 OK in 202ms (Views: 200.3ms | ActiveRecord: 0.9ms)


Started GET "/airplanes" for ::1 at 2019-07-15 14:52:06 +0800
Processing by AirplanesController#index as HTML
  Rendering airplanes/index.html.erb within layouts/application
  [1m[36mAirplane Load (1.2ms)[0m  [1m[34mSELECT "airplanes".* FROM "airplanes"[0m
  ↳ app/views/airplanes/index.html.erb:39
  Rendered airplanes/index.html.erb within layouts/application (20.0ms)
Completed 200 OK in 436ms (Views: 433.4ms | ActiveRecord: 1.2ms)


Started GET "/airplanes" for ::1 at 2019-07-15 14:53:33 +0800
Processing by AirplanesController#index as HTML
  Rendering airplanes/index.html.erb within layouts/application
  [1m[36mAirplane Load (0.4ms)[0m  [1m[34mSELECT "airplanes".* FROM "airplanes"[0m
  ↳ app/views/airplanes/index.html.erb:39
  Rendered airplanes/index.html.erb within layouts/application (10.2ms)
Completed 200 OK in 318ms (Views: 315.9ms | ActiveRecord: 0.4ms)


Started GET "/airplanes/2" for ::1 at 2019-07-15 14:57:14 +0800
Processing by AirplanesController#show as HTML
  Parameters: {"id"=>"2"}
  [1m[36mAirplane Load (0.6ms)[0m  [1m[34mSELECT  "airplanes".* FROM "airplanes" WHERE "airplanes"."id" = ? LIMIT ?[0m  [["id", 2], ["LIMIT", 1]]
  ↳ app/controllers/airplanes_controller.rb:25
  Rendering airplanes/show.html.erb within layouts/application
  Rendered airplanes/show.html.erb within layouts/application (2.8ms)
Completed 200 OK in 213ms (Views: 198.4ms | ActiveRecord: 0.6ms)


Started GET "/" for ::1 at 2019-09-02 20:16:17 +0800
  [1m[35m (0.4ms)[0m  [1m[34mSELECT "schema_migrations"."version" FROM "schema_migrations" ORDER BY "schema_migrations"."version" ASC[0m
  ↳ C:/Ruby26-x64/lib/ruby/gems/2.6.0/gems/activerecord-5.2.3/lib/active_record/log_subscriber.rb:98
Processing by PagesController#home as HTML
  Rendering pages/home.html.erb within layouts/application
  Rendered pages/home.html.erb within layouts/application (5.4ms)
Completed 200 OK in 953ms (Views: 946.0ms | ActiveRecord: 0.0ms)


Started GET "/airplanes" for ::1 at 2019-09-02 20:17:20 +0800
Processing by AirplanesController#index as HTML
  Rendering airplanes/index.html.erb within layouts/application
  [1m[36mAirplane Load (0.5ms)[0m  [1m[34mSELECT "airplanes".* FROM "airplanes"[0m
  ↳ app/views/airplanes/index.html.erb:39
  Rendered airplanes/index.html.erb within layouts/application (26.3ms)
Completed 200 OK in 205ms (Views: 193.4ms | ActiveRecord: 2.0ms)


Started GET "/airplanes/new" for ::1 at 2019-09-02 20:17:31 +0800
Processing by AirplanesController#new as HTML
  Rendering airplanes/new.html.erb within layouts/application
  Rendered airplanes/_form.html.erb (42.0ms)
  Rendered airplanes/new.html.erb within layouts/application (46.0ms)
Completed 200 OK in 176ms (Views: 174.3ms | ActiveRecord: 0.0ms)


Started GET "/members" for ::1 at 2019-09-02 20:18:14 +0800
Processing by PagesController#members as HTML
  Rendering pages/members.html.erb within layouts/application
  Rendered pages/members.html.erb within layouts/application (0.8ms)
Completed 200 OK in 206ms (Views: 204.8ms | ActiveRecord: 0.0ms)


Started GET "/airplanes/new" for ::1 at 2019-09-02 20:18:15 +0800
Processing by AirplanesController#new as HTML
  Rendering airplanes/new.html.erb within layouts/application
  Rendered airplanes/_form.html.erb (4.5ms)
  Rendered airplanes/new.html.erb within layouts/application (26.9ms)
Completed 200 OK in 416ms (Views: 409.6ms | ActiveRecord: 0.0ms)


Started GET "/airplanes" for ::1 at 2019-09-02 20:18:17 +0800
Processing by AirplanesController#index as HTML
  Rendering airplanes/index.html.erb within layouts/application
  [1m[36mAirplane Load (0.3ms)[0m  [1m[34mSELECT "airplanes".* FROM "airplanes"[0m
  ↳ app/views/airplanes/index.html.erb:39
  Rendered airplanes/index.html.erb within layouts/application (3.6ms)
Completed 200 OK in 186ms (Views: 184.8ms | ActiveRecord: 0.3ms)


Started GET "/airplanes/2" for ::1 at 2019-09-02 20:18:19 +0800
Processing by AirplanesController#show as HTML
  Parameters: {"id"=>"2"}
  [1m[36mAirplane Load (0.3ms)[0m  [1m[34mSELECT  "airplanes".* FROM "airplanes" WHERE "airplanes"."id" = ? LIMIT ?[0m  [["id", 2], ["LIMIT", 1]]
  ↳ app/controllers/airplanes_controller.rb:25
  Rendering airplanes/show.html.erb within layouts/application
  Rendered airplanes/show.html.erb within layouts/application (2.3ms)
Completed 200 OK in 144ms (Views: 131.3ms | ActiveRecord: 0.3ms)


Started GET "/airplanes/2/edit" for ::1 at 2019-09-02 20:18:22 +0800
Processing by AirplanesController#edit as HTML
  Parameters: {"id"=>"2"}
  [1m[36mAirplane Load (0.3ms)[0m  [1m[34mSELECT  "airplanes".* FROM "airplanes" WHERE "airplanes"."id" = ? LIMIT ?[0m  [["id", 2], ["LIMIT", 1]]
  ↳ app/controllers/airplanes_controller.rb:30
  Rendering airplanes/edit.html.erb within layouts/application
  Rendered airplanes/edit.html.erb within layouts/application (2.7ms)
Completed 200 OK in 135ms (Views: 128.5ms | ActiveRecord: 0.3ms)


Started GET "/airplanes" for ::1 at 2019-09-02 20:18:27 +0800
Processing by AirplanesController#index as HTML
  Rendering airplanes/index.html.erb within layouts/application
  [1m[36mAirplane Load (0.2ms)[0m  [1m[34mSELECT "airplanes".* FROM "airplanes"[0m
  ↳ app/views/airplanes/index.html.erb:39
  Rendered airplanes/index.html.erb within layouts/application (9.0ms)
Completed 200 OK in 196ms (Views: 194.7ms | ActiveRecord: 0.2ms)


Started GET "/airplanes/2" for ::1 at 2019-09-02 20:18:28 +0800
Processing by AirplanesController#show as HTML
  Parameters: {"id"=>"2"}
  [1m[36mAirplane Load (0.3ms)[0m  [1m[34mSELECT  "airplanes".* FROM "airplanes" WHERE "airplanes"."id" = ? LIMIT ?[0m  [["id", 2], ["LIMIT", 1]]
  ↳ app/controllers/airplanes_controller.rb:25
  Rendering airplanes/show.html.erb within layouts/application
  Rendered airplanes/show.html.erb within layouts/application (3.2ms)
Completed 200 OK in 464ms (Views: 459.7ms | ActiveRecord: 0.3ms)


Started GET "/airplanes" for ::1 at 2019-09-02 20:18:33 +0800
Processing by AirplanesController#index as HTML
  Rendering airplanes/index.html.erb within layouts/application
  [1m[36mAirplane Load (0.3ms)[0m  [1m[34mSELECT "airplanes".* FROM "airplanes"[0m
  ↳ app/views/airplanes/index.html.erb:39
  Rendered airplanes/index.html.erb within layouts/application (3.5ms)
Completed 200 OK in 154ms (Views: 153.4ms | ActiveRecord: 0.3ms)


Started GET "/home" for ::1 at 2019-09-02 20:18:34 +0800
Processing by PagesController#home as HTML
  Rendering pages/home.html.erb within layouts/application
  Rendered pages/home.html.erb within layouts/application (0.8ms)
Completed 200 OK in 278ms (Views: 277.1ms | ActiveRecord: 0.0ms)


Started GET "/airplanes" for ::1 at 2019-09-02 20:18:37 +0800
Processing by AirplanesController#index as HTML
  Rendering airplanes/index.html.erb within layouts/application
  [1m[36mAirplane Load (0.3ms)[0m  [1m[34mSELECT "airplanes".* FROM "airplanes"[0m
  ↳ app/views/airplanes/index.html.erb:39
  Rendered airplanes/index.html.erb within layouts/application (3.2ms)
Completed 200 OK in 503ms (Views: 501.6ms | ActiveRecord: 0.3ms)


Started GET "/airplanes" for ::1 at 2019-09-02 20:19:15 +0800
Processing by AirplanesController#index as HTML
  Rendering airplanes/index.html.erb within layouts/application
  [1m[36mAirplane Load (0.7ms)[0m  [1m[34mSELECT "airplanes".* FROM "airplanes"[0m
  ↳ app/views/airplanes/index.html.erb:39
  Rendered airplanes/index.html.erb within layouts/application (9.0ms)
Completed 200 OK in 182ms (Views: 180.0ms | ActiveRecord: 0.7ms)


Started GET "/airplanes/new" for ::1 at 2019-09-02 20:19:17 +0800
Processing by AirplanesController#new as HTML
  Rendering airplanes/new.html.erb within layouts/application
  Rendered airplanes/_form.html.erb (3.4ms)
  Rendered airplanes/new.html.erb within layouts/application (8.9ms)
Completed 200 OK in 568ms (Views: 566.8ms | ActiveRecord: 0.0ms)


Started GET "/airplanes" for ::1 at 2019-09-02 20:19:20 +0800
Processing by AirplanesController#index as HTML
  Rendering airplanes/index.html.erb within layouts/application
  [1m[36mAirplane Load (0.5ms)[0m  [1m[34mSELECT "airplanes".* FROM "airplanes"[0m
  ↳ app/views/airplanes/index.html.erb:39
  Rendered airplanes/index.html.erb within layouts/application (8.3ms)
Completed 200 OK in 409ms (Views: 407.6ms | ActiveRecord: 0.5ms)


Started DELETE "/airplanes/2" for ::1 at 2019-09-02 20:19:25 +0800
Processing by AirplanesController#destroy as HTML
  Parameters: {"authenticity_token"=>"Vxr5HyGud1+FofMEcKGMs6uSWxMlIbrS+s0tnuGriOOVe28Gj+jUoc5oZaqFjTZc3yDq3LURuA7NGKhAHFBjmg==", "id"=>"2"}
  [1m[36mAirplane Load (1.1ms)[0m  [1m[34mSELECT  "airplanes".* FROM "airplanes" WHERE "airplanes"."id" = ? LIMIT ?[0m  [["id", 2], ["LIMIT", 1]]
  ↳ app/controllers/airplanes_controller.rb:45
  [1m[35m (0.1ms)[0m  [1m[36mbegin transaction[0m
  ↳ app/controllers/airplanes_controller.rb:46
  [1m[36mAirplane Destroy (1.7ms)[0m  [1m[31mDELETE FROM "airplanes" WHERE "airplanes"."id" = ?[0m  [["id", 2]]
  ↳ app/controllers/airplanes_controller.rb:46
  [1m[35m (9.6ms)[0m  [1m[36mcommit transaction[0m
  ↳ app/controllers/airplanes_controller.rb:46
Redirected to http://localhost:3000/airplanes
Completed 302 Found in 29ms (ActiveRecord: 12.6ms)


Started GET "/airplanes" for ::1 at 2019-09-02 20:19:26 +0800
Processing by AirplanesController#index as HTML
  Rendering airplanes/index.html.erb within layouts/application
  [1m[36mAirplane Load (0.3ms)[0m  [1m[34mSELECT "airplanes".* FROM "airplanes"[0m
  ↳ app/views/airplanes/index.html.erb:39
  Rendered airplanes/index.html.erb within layouts/application (3.0ms)
Completed 200 OK in 131ms (Views: 130.0ms | ActiveRecord: 0.3ms)


Started GET "/airplanes/new" for ::1 at 2019-09-02 20:19:28 +0800
Processing by AirplanesController#new as HTML
  Rendering airplanes/new.html.erb within layouts/application
  Rendered airplanes/_form.html.erb (2.4ms)
  Rendered airplanes/new.html.erb within layouts/application (6.2ms)
Completed 200 OK in 137ms (Views: 136.1ms | ActiveRecord: 0.0ms)


Started POST "/airplanes" for ::1 at 2019-09-02 20:19:30 +0800
Processing by AirplanesController#create as HTML
  Parameters: {"utf8"=>"✓", "authenticity_token"=>"NDan96GvfejpmBT7KNr/cOKKu2gczjjXFWrIrVYqOs8j3AXqiNUSTeyMiGTQQKXS7xbLH+sCegf/alRNi6UNBA==", "airplane"=>{"code"=>"", "seat_capacity"=>"", "time_in"=>"", "time_out"=>"", "destination"=>"Philippines"}, "commit"=>"Create Airport log"}
  [1m[35m (0.1ms)[0m  [1m[36mbegin transaction[0m
  ↳ app/controllers/airplanes_controller.rb:16
  [1m[35m (0.1ms)[0m  [1m[31mrollback transaction[0m
  ↳ app/controllers/airplanes_controller.rb:16
  Rendering airplanes/new.html.erb within layouts/application
  Rendered airplanes/_form.html.erb (2.7ms)
  Rendered airplanes/new.html.erb within layouts/application (12.3ms)
Completed 200 OK in 155ms (Views: 144.1ms | ActiveRecord: 0.2ms)


Started GET "/" for ::1 at 2019-09-02 20:21:10 +0800
Processing by PagesController#home as HTML
  Rendering pages/home.html.erb within layouts/application
  Rendered pages/home.html.erb within layouts/application (0.8ms)
Completed 200 OK in 246ms (Views: 244.6ms | ActiveRecord: 0.0ms)


Started GET "/airplanes" for ::1 at 2019-09-02 20:21:12 +0800
Processing by AirplanesController#index as HTML
  Rendering airplanes/index.html.erb within layouts/application
  [1m[36mAirplane Load (0.4ms)[0m  [1m[34mSELECT "airplanes".* FROM "airplanes"[0m
  ↳ app/views/airplanes/index.html.erb:39
  Rendered airplanes/index.html.erb within layouts/application (3.3ms)
Completed 200 OK in 200ms (Views: 198.4ms | ActiveRecord: 0.4ms)


Started GET "/airplanes/new" for ::1 at 2019-09-02 20:21:14 +0800
Processing by AirplanesController#new as HTML
  Rendering airplanes/new.html.erb within layouts/application
  Rendered airplanes/_form.html.erb (4.1ms)
  Rendered airplanes/new.html.erb within layouts/application (16.9ms)
Completed 200 OK in 197ms (Views: 194.4ms | ActiveRecord: 0.0ms)


Started POST "/airplanes" for ::1 at 2019-09-02 20:21:35 +0800
Processing by AirplanesController#create as HTML
  Parameters: {"utf8"=>"✓", "authenticity_token"=>"3uwg+z/chu2KRK9xKcP8H/IQxqSgtBG3404qB/SKQSLJBoLmFqbpSI9QM+7RWaa9/4y201d4U2cJTrbnKQV26Q==", "airplane"=>{"code"=>"101", "seat_capacity"=>"360", "time_in"=>"11:00", "time_out"=>"11:15", "destination"=>"Japan"}, "commit"=>"Create Airport log"}
  [1m[35m (0.1ms)[0m  [1m[36mbegin transaction[0m
  ↳ app/controllers/airplanes_controller.rb:16
  [1m[36mAirplane Create (1.1ms)[0m  [1m[32mINSERT INTO "airplanes" ("code", "seat_capacity", "destination", "time_in", "time_out", "created_at", "updated_at") VALUES (?, ?, ?, ?, ?, ?, ?)[0m  [["code", "101"], ["seat_capacity", 360], ["destination", "Japan"], ["time_in", "2019-09-02 11:00:00"], ["time_out", "2019-09-02 11:15:00"], ["created_at", "2019-09-02 12:21:36.072811"], ["updated_at", "2019-09-02 12:21:36.072811"]]
  ↳ app/controllers/airplanes_controller.rb:16
  [1m[35m (7.5ms)[0m  [1m[36mcommit transaction[0m
  ↳ app/controllers/airplanes_controller.rb:16
Redirected to http://localhost:3000/airplanes.3
Completed 302 Found in 17ms (ActiveRecord: 8.7ms)


Started GET "/airplanes.3" for ::1 at 2019-09-02 20:21:36 +0800
Processing by AirplanesController#index as 
  Rendering airplanes/index.html.erb within layouts/application
  [1m[36mAirplane Load (0.3ms)[0m  [1m[34mSELECT "airplanes".* FROM "airplanes"[0m
  ↳ app/views/airplanes/index.html.erb:39
  Rendered airplanes/index.html.erb within layouts/application (6.5ms)
Completed 200 OK in 190ms (Views: 189.0ms | ActiveRecord: 0.3ms)


Started GET "/" for ::1 at 2019-10-14 16:17:39 +0800
  [1m[35m (0.3ms)[0m  [1m[34mSELECT "schema_migrations"."version" FROM "schema_migrations" ORDER BY "schema_migrations"."version" ASC[0m
  ↳ C:/Ruby26-x64/lib/ruby/gems/2.6.0/gems/activerecord-5.2.3/lib/active_record/log_subscriber.rb:98
Processing by PagesController#home as HTML
  Rendering pages/home.html.erb within layouts/application
  Rendered pages/home.html.erb within layouts/application (3.2ms)
Completed 200 OK in 720ms (Views: 715.9ms | ActiveRecord: 0.0ms)


Started GET "/" for ::1 at 2019-10-14 16:20:04 +0800
Processing by PagesController#home as HTML
  Rendering pages/home.html.erb within layouts/application
  Rendered pages/home.html.erb within layouts/application (0.4ms)
Completed 200 OK in 6209ms (Views: 6208.5ms | ActiveRecord: 0.0ms)


Started GET "/" for ::1 at 2019-10-14 16:20:36 +0800
Processing by PagesController#home as HTML
  Rendering pages/home.html.erb within layouts/application
  Rendered pages/home.html.erb within layouts/application (0.9ms)
Completed 200 OK in 6668ms (Views: 6663.1ms | ActiveRecord: 0.0ms)


Started GET "/" for ::1 at 2019-10-14 16:21:10 +0800
Processing by PagesController#home as HTML
  Rendering pages/home.html.erb within layouts/application
  Rendered pages/home.html.erb within layouts/application (1.0ms)
Completed 200 OK in 281ms (Views: 280.5ms | ActiveRecord: 0.0ms)


Started GET "/members" for ::1 at 2019-10-14 16:21:15 +0800
Processing by PagesController#members as HTML
  Rendering pages/members.html.erb within layouts/application
  Rendered pages/members.html.erb within layouts/application (0.5ms)
Completed 200 OK in 214ms (Views: 213.5ms | ActiveRecord: 0.0ms)


Started GET "/members" for ::1 at 2019-10-14 16:22:14 +0800
Processing by PagesController#members as HTML
  Rendering pages/members.html.erb within layouts/application
  Rendered pages/members.html.erb within layouts/application (0.4ms)
Completed 200 OK in 6074ms (Views: 6072.9ms | ActiveRecord: 0.0ms)


Started GET "/members" for ::1 at 2019-10-14 16:24:34 +0800
Processing by PagesController#members as HTML
  Rendering pages/members.html.erb within layouts/application
  Rendered pages/members.html.erb within layouts/application (0.8ms)
Completed 200 OK in 6972ms (Views: 6970.0ms | ActiveRecord: 0.0ms)


Started GET "/members" for ::1 at 2019-10-14 16:25:01 +0800
Processing by PagesController#members as HTML
  Rendering pages/members.html.erb within layouts/application
  Rendered pages/members.html.erb within layouts/application (0.6ms)
Completed 200 OK in 7376ms (Views: 7374.8ms | ActiveRecord: 0.0ms)


Started GET "/members" for ::1 at 2019-10-14 16:25:53 +0800
Processing by PagesController#members as HTML
  Rendering pages/members.html.erb within layouts/application
  Rendered pages/members.html.erb within layouts/application (0.8ms)
Completed 200 OK in 6808ms (Views: 6806.1ms | ActiveRecord: 0.0ms)


Started GET "/members" for ::1 at 2019-10-14 16:26:31 +0800
Processing by PagesController#members as HTML
  Rendering pages/members.html.erb within layouts/application
  Rendered pages/members.html.erb within layouts/application (0.7ms)
Completed 200 OK in 5631ms (Views: 5629.9ms | ActiveRecord: 0.0ms)


Started GET "/members" for ::1 at 2019-10-14 16:26:50 +0800
Processing by PagesController#members as HTML
  Rendering pages/members.html.erb within layouts/application
  Rendered pages/members.html.erb within layouts/application (0.5ms)
Completed 200 OK in 5928ms (Views: 5927.7ms | ActiveRecord: 0.0ms)


Started GET "/members" for ::1 at 2019-10-14 16:27:04 +0800
Processing by PagesController#members as HTML
  Rendering pages/members.html.erb within layouts/application
  Rendered pages/members.html.erb within layouts/application (0.6ms)
Completed 200 OK in 7084ms (Views: 7083.4ms | ActiveRecord: 0.0ms)


Started GET "/members" for ::1 at 2019-10-14 16:27:36 +0800
Processing by PagesController#members as HTML
  Rendering pages/members.html.erb within layouts/application
  Rendered pages/members.html.erb within layouts/application (0.4ms)
Completed 200 OK in 5732ms (Views: 5731.3ms | ActiveRecord: 0.0ms)


Started GET "/members" for ::1 at 2019-10-14 16:29:43 +0800
Processing by PagesController#members as HTML
  Rendering pages/members.html.erb within layouts/application
  Rendered pages/members.html.erb within layouts/application (0.9ms)
Completed 200 OK in 6207ms (Views: 6205.7ms | ActiveRecord: 0.0ms)


Started GET "/members" for ::1 at 2019-10-14 16:30:23 +0800
Processing by PagesController#members as HTML
  Rendering pages/members.html.erb within layouts/application
  Rendered pages/members.html.erb within layouts/application (0.6ms)
Completed 200 OK in 6117ms (Views: 6116.0ms | ActiveRecord: 0.0ms)


Started GET "/members" for ::1 at 2019-10-14 16:31:22 +0800
Processing by PagesController#members as HTML
  Rendering pages/members.html.erb within layouts/application
  Rendered pages/members.html.erb within layouts/application (2.9ms)
Completed 200 OK in 5769ms (Views: 5768.3ms | ActiveRecord: 0.0ms)


Started GET "/members" for ::1 at 2019-10-14 16:31:53 +0800
Processing by PagesController#members as HTML
  Rendering pages/members.html.erb within layouts/application
  Rendered pages/members.html.erb within layouts/application (0.9ms)
Completed 200 OK in 5809ms (Views: 5807.8ms | ActiveRecord: 0.0ms)


Started GET "/members" for ::1 at 2019-10-14 16:32:51 +0800
Processing by PagesController#members as HTML
  Rendering pages/members.html.erb within layouts/application
  Rendered pages/members.html.erb within layouts/application (0.7ms)
Completed 200 OK in 6025ms (Views: 6022.5ms | ActiveRecord: 0.0ms)


Started GET "/members" for ::1 at 2019-10-14 16:33:28 +0800
Processing by PagesController#members as HTML
  Rendering pages/members.html.erb within layouts/application
  Rendered pages/members.html.erb within layouts/application (2.2ms)
Completed 200 OK in 5823ms (Views: 5821.6ms | ActiveRecord: 0.0ms)


Started GET "/members" for ::1 at 2019-10-14 16:33:43 +0800
Processing by PagesController#members as HTML
  Rendering pages/members.html.erb within layouts/application
  Rendered pages/members.html.erb within layouts/application (1.4ms)
Completed 200 OK in 6703ms (Views: 6701.8ms | ActiveRecord: 0.0ms)


Started GET "/home" for ::1 at 2019-10-14 16:34:27 +0800
Processing by PagesController#home as HTML
  Rendering pages/home.html.erb within layouts/application
  Rendered pages/home.html.erb within layouts/application (0.5ms)
Completed 200 OK in 7828ms (Views: 7827.5ms | ActiveRecord: 0.0ms)


Started GET "/home" for ::1 at 2019-10-14 16:34:35 +0800
Processing by PagesController#home as HTML
  Rendering pages/home.html.erb within layouts/application
  Rendered pages/home.html.erb within layouts/application (1.8ms)
Completed 200 OK in 189ms (Views: 188.1ms | ActiveRecord: 0.0ms)


Started GET "/home" for ::1 at 2019-10-14 16:35:03 +0800
Processing by PagesController#home as HTML
  Rendering pages/home.html.erb within layouts/application
  Rendered pages/home.html.erb within layouts/application (0.5ms)
Completed 200 OK in 5842ms (Views: 5841.3ms | ActiveRecord: 0.0ms)


Started GET "/home" for ::1 at 2019-10-14 16:35:19 +0800
Processing by PagesController#home as HTML
  Rendering pages/home.html.erb within layouts/application
  Rendered pages/home.html.erb within layouts/application (0.5ms)
Completed 200 OK in 168ms (Views: 166.9ms | ActiveRecord: 0.0ms)


Started GET "/home" for ::1 at 2019-10-14 16:35:56 +0800
Processing by PagesController#home as HTML
  Rendering pages/home.html.erb within layouts/application
  Rendered pages/home.html.erb within layouts/application (0.5ms)
Completed 200 OK in 6881ms (Views: 6879.8ms | ActiveRecord: 0.0ms)


Started GET "/home" for ::1 at 2019-10-14 16:36:20 +0800
Processing by PagesController#home as HTML
  Rendering pages/home.html.erb within layouts/application
  Rendered pages/home.html.erb within layouts/application (1.0ms)
Completed 200 OK in 5132ms (Views: 5130.2ms | ActiveRecord: 0.0ms)


Started GET "/home" for ::1 at 2019-10-14 16:37:27 +0800
Processing by PagesController#home as HTML
  Rendering pages/home.html.erb within layouts/application
  Rendered pages/home.html.erb within layouts/application (3.2ms)
Completed 200 OK in 8880ms (Views: 8878.9ms | ActiveRecord: 0.0ms)


Started GET "/home" for ::1 at 2019-10-14 16:37:55 +0800
Processing by PagesController#home as HTML
  Rendering pages/home.html.erb within layouts/application
  Rendered pages/home.html.erb within layouts/application (1.3ms)
Completed 200 OK in 6323ms (Views: 6320.5ms | ActiveRecord: 0.0ms)


Started GET "/home" for ::1 at 2019-10-14 16:38:29 +0800
Processing by PagesController#home as HTML
  Rendering pages/home.html.erb within layouts/application
  Rendered pages/home.html.erb within layouts/application (0.3ms)
Completed 200 OK in 6325ms (Views: 6322.4ms | ActiveRecord: 0.0ms)


Started GET "/airplanes" for ::1 at 2019-10-14 16:39:48 +0800
Processing by AirplanesController#index as HTML
  Rendering airplanes/index.html.erb within layouts/application
  [1m[36mAirplane Load (0.7ms)[0m  [1m[34mSELECT "airplanes".* FROM "airplanes"[0m
  ↳ app/views/airplanes/index.html.erb:39
  Rendered airplanes/index.html.erb within layouts/application (32.0ms)
Completed 200 OK in 205ms (Views: 191.3ms | ActiveRecord: 2.0ms)


Started GET "/airplanes/new" for ::1 at 2019-10-14 16:40:00 +0800
Processing by AirplanesController#new as HTML
  Rendering airplanes/new.html.erb within layouts/application
  Rendered airplanes/_form.html.erb (58.1ms)
  Rendered airplanes/new.html.erb within layouts/application (67.0ms)
Completed 200 OK in 224ms (Views: 222.5ms | ActiveRecord: 0.0ms)


Started GET "/members" for ::1 at 2019-10-14 16:40:05 +0800
Processing by PagesController#members as HTML
  Rendering pages/members.html.erb within layouts/application
  Rendered pages/members.html.erb within layouts/application (0.5ms)
Completed 200 OK in 215ms (Views: 213.7ms | ActiveRecord: 0.0ms)


Started GET "/airplanes" for ::1 at 2019-10-14 16:40:11 +0800
Processing by AirplanesController#index as HTML
  Rendering airplanes/index.html.erb within layouts/application
  [1m[36mAirplane Load (0.3ms)[0m  [1m[34mSELECT "airplanes".* FROM "airplanes"[0m
  ↳ app/views/airplanes/index.html.erb:39
  Rendered airplanes/index.html.erb within layouts/application (3.7ms)
Completed 200 OK in 165ms (Views: 164.1ms | ActiveRecord: 0.3ms)


Started GET "/home" for ::1 at 2019-10-14 16:40:12 +0800
Processing by PagesController#home as HTML
  Rendering pages/home.html.erb within layouts/application
  Rendered pages/home.html.erb within layouts/application (0.5ms)
Completed 200 OK in 627ms (Views: 626.3ms | ActiveRecord: 0.0ms)


Started GET "/home" for ::1 at 2019-10-14 16:40:32 +0800
Processing by PagesController#home as HTML
  Rendering pages/home.html.erb within layouts/application
  Rendered pages/home.html.erb within layouts/application (0.4ms)
Completed 200 OK in 186ms (Views: 185.4ms | ActiveRecord: 0.0ms)


Started GET "/home" for ::1 at 2019-10-14 16:40:56 +0800
Processing by PagesController#home as HTML
  Rendering pages/home.html.erb within layouts/application
  Rendered pages/home.html.erb within layouts/application (0.6ms)
Completed 200 OK in 275ms (Views: 273.9ms | ActiveRecord: 0.0ms)


Started GET "/airplanes" for ::1 at 2019-10-14 16:41:01 +0800
Processing by AirplanesController#index as HTML
  Rendering airplanes/index.html.erb within layouts/application
  [1m[36mAirplane Load (0.8ms)[0m  [1m[34mSELECT "airplanes".* FROM "airplanes"[0m
  ↳ app/views/airplanes/index.html.erb:39
  Rendered airplanes/index.html.erb within layouts/application (9.1ms)
Completed 200 OK in 176ms (Views: 173.9ms | ActiveRecord: 0.8ms)


Started GET "/airplanes/new" for ::1 at 2019-10-14 16:41:04 +0800
Processing by AirplanesController#new as HTML
  Rendering airplanes/new.html.erb within layouts/application
  Rendered airplanes/_form.html.erb (2.5ms)
  Rendered airplanes/new.html.erb within layouts/application (8.0ms)
Completed 200 OK in 158ms (Views: 157.3ms | ActiveRecord: 0.0ms)


Started GET "/airplanes/new" for ::1 at 2019-10-14 16:42:11 +0800
Processing by AirplanesController#new as HTML
  Rendering airplanes/new.html.erb within layouts/application
  Rendered airplanes/_form.html.erb (2.2ms)
  Rendered airplanes/new.html.erb within layouts/application (6.2ms)
Completed 200 OK in 5095ms (Views: 5094.0ms | ActiveRecord: 0.0ms)


Started GET "/airplanes/new" for ::1 at 2019-10-14 16:43:29 +0800
Processing by AirplanesController#new as HTML
  Rendering airplanes/new.html.erb within layouts/application
  Rendered airplanes/_form.html.erb (7.4ms)
  Rendered airplanes/new.html.erb within layouts/application (11.7ms)
Completed 200 OK in 5704ms (Views: 5702.8ms | ActiveRecord: 0.0ms)


Started GET "/home" for ::1 at 2019-10-14 16:43:52 +0800
Processing by PagesController#home as HTML
  Rendering pages/home.html.erb within layouts/application
  Rendered pages/home.html.erb within layouts/application (0.6ms)
Completed 200 OK in 166ms (Views: 165.7ms | ActiveRecord: 0.0ms)


Started GET "/" for ::1 at 2019-10-22 16:43:43 +0800
  [1m[35m (0.3ms)[0m  [1m[34mSELECT "schema_migrations"."version" FROM "schema_migrations" ORDER BY "schema_migrations"."version" ASC[0m
  ↳ C:/Ruby26-x64/lib/ruby/gems/2.6.0/gems/activerecord-5.2.3/lib/active_record/log_subscriber.rb:98
Processing by PagesController#home as HTML
  Rendering pages/home.html.erb within layouts/application
  Rendered pages/home.html.erb within layouts/application (5.1ms)
Completed 200 OK in 1100ms (Views: 1096.0ms | ActiveRecord: 0.0ms)


Started GET "/airplanes" for ::1 at 2019-10-22 16:43:56 +0800
Processing by AirplanesController#index as HTML
  Rendering airplanes/index.html.erb within layouts/application
  [1m[36mAirplane Load (0.6ms)[0m  [1m[34mSELECT "airplanes".* FROM "airplanes"[0m
  ↳ app/views/airplanes/index.html.erb:39
  Rendered airplanes/index.html.erb within layouts/application (30.7ms)
Completed 200 OK in 322ms (Views: 306.5ms | ActiveRecord: 4.3ms)


Started GET "/airplanes/new" for ::1 at 2019-10-22 16:44:10 +0800
Processing by AirplanesController#new as HTML
  Rendering airplanes/new.html.erb within layouts/application
  Rendered airplanes/_form.html.erb (51.6ms)
  Rendered airplanes/new.html.erb within layouts/application (56.6ms)
Completed 200 OK in 209ms (Views: 208.1ms | ActiveRecord: 0.0ms)


Started GET "/airplanes" for ::1 at 2019-10-22 16:44:19 +0800
Processing by AirplanesController#index as HTML
  Rendering airplanes/index.html.erb within layouts/application
  [1m[36mAirplane Load (0.3ms)[0m  [1m[34mSELECT "airplanes".* FROM "airplanes"[0m
  ↳ app/views/airplanes/index.html.erb:39
  Rendered airplanes/index.html.erb within layouts/application (7.4ms)
Completed 200 OK in 186ms (Views: 184.5ms | ActiveRecord: 0.3ms)


Started GET "/airplanes" for ::1 at 2019-10-22 16:45:57 +0800
Processing by AirplanesController#index as HTML
  Rendering airplanes/index.html.erb within layouts/application
  [1m[36mAirplane Load (0.5ms)[0m  [1m[34mSELECT "airplanes".* FROM "airplanes"[0m
  ↳ app/views/airplanes/index.html.erb:34
  Rendered airplanes/index.html.erb within layouts/application (11.5ms)
Completed 200 OK in 268ms (Views: 266.4ms | ActiveRecord: 0.5ms)


Started GET "/airplanes" for ::1 at 2019-10-22 16:46:17 +0800
Processing by AirplanesController#index as HTML
  Rendering airplanes/index.html.erb within layouts/application
  [1m[36mAirplane Load (0.3ms)[0m  [1m[34mSELECT "airplanes".* FROM "airplanes"[0m
  ↳ app/views/airplanes/index.html.erb:36
  Rendered airplanes/index.html.erb within layouts/application (3.8ms)
Completed 200 OK in 167ms (Views: 165.4ms | ActiveRecord: 0.3ms)


Started GET "/airplanes/3/edit" for ::1 at 2019-10-22 16:46:33 +0800
Processing by AirplanesController#edit as HTML
  Parameters: {"id"=>"3"}
  [1m[36mAirplane Load (1.2ms)[0m  [1m[34mSELECT  "airplanes".* FROM "airplanes" WHERE "airplanes"."id" = ? LIMIT ?[0m  [["id", 3], ["LIMIT", 1]]
  ↳ app/controllers/airplanes_controller.rb:30
  Rendering airplanes/edit.html.erb within layouts/application
  Rendered airplanes/edit.html.erb within layouts/application (4.5ms)
Completed 200 OK in 185ms (Views: 168.4ms | ActiveRecord: 1.2ms)


Started GET "/airplanes" for ::1 at 2019-10-22 16:46:39 +0800
Processing by AirplanesController#index as HTML
  Rendering airplanes/index.html.erb within layouts/application
  [1m[36mAirplane Load (0.4ms)[0m  [1m[34mSELECT "airplanes".* FROM "airplanes"[0m
  ↳ app/views/airplanes/index.html.erb:36
  Rendered airplanes/index.html.erb within layouts/application (4.7ms)
Completed 200 OK in 198ms (Views: 196.3ms | ActiveRecord: 0.4ms)


Started GET "/airplanes/new" for ::1 at 2019-10-22 16:47:04 +0800
Processing by AirplanesController#new as HTML
  Rendering airplanes/new.html.erb within layouts/application
  Rendered airplanes/_form.html.erb (3.2ms)
  Rendered airplanes/new.html.erb within layouts/application (8.4ms)
Completed 200 OK in 168ms (Views: 167.2ms | ActiveRecord: 0.0ms)


Started POST "/airplanes" for ::1 at 2019-10-22 16:47:42 +0800
Processing by AirplanesController#create as HTML
  Parameters: {"utf8"=>"✓", "authenticity_token"=>"cwXmv2FaZUiuZDPMproE1ydkPRK0pCFyg/j4R/D/Tq47UdyLBKel24xBHRNCwbc8RlVPXlvlxsuEXaWpMCnPxg==", "airplane"=>{"code"=>"1", "seat_capacity"=>"55", "time_in"=>"16:32", "time_out"=>"16:47", "destination"=>"Switzerland"}, "commit"=>"Create Airport log"}
  [1m[35m (0.7ms)[0m  [1m[36mbegin transaction[0m
  ↳ app/controllers/airplanes_controller.rb:16
  [1m[36mAirplane Create (3.5ms)[0m  [1m[32mINSERT INTO "airplanes" ("code", "seat_capacity", "destination", "time_in", "time_out", "created_at", "updated_at") VALUES (?, ?, ?, ?, ?, ?, ?)[0m  [["code", "1"], ["seat_capacity", 55], ["destination", "Switzerland"], ["time_in", "2019-10-22 16:32:00"], ["time_out", "2019-10-22 16:47:00"], ["created_at", "2019-10-22 08:47:42.807852"], ["updated_at", "2019-10-22 08:47:42.807852"]]
  ↳ app/controllers/airplanes_controller.rb:16
  [1m[35m (6.9ms)[0m  [1m[36mcommit transaction[0m
  ↳ app/controllers/airplanes_controller.rb:16
Redirected to http://localhost:3000/airplanes.4
Completed 302 Found in 67ms (ActiveRecord: 11.1ms)


Started GET "/airplanes.4" for ::1 at 2019-10-22 16:47:42 +0800
Processing by AirplanesController#index as 
  Rendering airplanes/index.html.erb within layouts/application
  [1m[36mAirplane Load (0.3ms)[0m  [1m[34mSELECT "airplanes".* FROM "airplanes"[0m
  ↳ app/views/airplanes/index.html.erb:36
  Rendered airplanes/index.html.erb within layouts/application (6.5ms)
Completed 200 OK in 208ms (Views: 206.5ms | ActiveRecord: 0.3ms)


Started GET "/airplanes/new" for ::1 at 2019-10-22 16:49:10 +0800
Processing by AirplanesController#new as HTML
  Rendering airplanes/new.html.erb within layouts/application
  Rendered airplanes/_form.html.erb (6.4ms)
  Rendered airplanes/new.html.erb within layouts/application (10.9ms)
Completed 200 OK in 182ms (Views: 180.7ms | ActiveRecord: 0.0ms)


Started POST "/airplanes" for ::1 at 2019-10-22 16:50:47 +0800
Processing by AirplanesController#create as HTML
  Parameters: {"utf8"=>"✓", "authenticity_token"=>"cOMxylyF+cDcIjpHhPrE1H4240vDjeYY4V0Dbc0IE7Y4twv+OXg5U/4HFJhggXc/HweRByzMAaHm+F6DDd6S3g==", "airplane"=>{"code"=>"2", "seat_capacity"=>"105", "time_in"=>"16:30", "time_out"=>"16:50", "destination"=>"Singapore"}, "commit"=>"Create Airport log"}
  [1m[35m (2.2ms)[0m  [1m[36mbegin transaction[0m
  ↳ app/controllers/airplanes_controller.rb:16
  [1m[36mAirplane Create (2.0ms)[0m  [1m[32mINSERT INTO "airplanes" ("code", "seat_capacity", "destination", "time_in", "time_out", "created_at", "updated_at") VALUES (?, ?, ?, ?, ?, ?, ?)[0m  [["code", "2"], ["seat_capacity", 105], ["destination", "Singapore"], ["time_in", "2019-10-22 16:30:00"], ["time_out", "2019-10-22 16:50:00"], ["created_at", "2019-10-22 08:50:47.861597"], ["updated_at", "2019-10-22 08:50:47.861597"]]
  ↳ app/controllers/airplanes_controller.rb:16
  [1m[35m (7.8ms)[0m  [1m[36mcommit transaction[0m
  ↳ app/controllers/airplanes_controller.rb:16
Redirected to http://localhost:3000/airplanes.5
Completed 302 Found in 36ms (ActiveRecord: 11.9ms)


Started GET "/airplanes.5" for ::1 at 2019-10-22 16:50:47 +0800
Processing by AirplanesController#index as 
  Rendering airplanes/index.html.erb within layouts/application
  [1m[36mAirplane Load (0.7ms)[0m  [1m[34mSELECT "airplanes".* FROM "airplanes"[0m
  ↳ app/views/airplanes/index.html.erb:36
  Rendered airplanes/index.html.erb within layouts/application (12.0ms)
Completed 200 OK in 212ms (Views: 210.6ms | ActiveRecord: 0.7ms)


Started GET "/home" for ::1 at 2019-10-22 16:53:38 +0800
Processing by PagesController#home as HTML
  Rendering pages/home.html.erb within layouts/application
  Rendered pages/home.html.erb within layouts/application (3.3ms)
Completed 200 OK in 198ms (Views: 193.2ms | ActiveRecord: 0.0ms)


Started GET "/members" for ::1 at 2019-10-22 16:54:05 +0800
Processing by PagesController#members as HTML
  Rendering pages/members.html.erb within layouts/application
  Rendered pages/members.html.erb within layouts/application (1.5ms)
Completed 200 OK in 161ms (Views: 160.0ms | ActiveRecord: 0.0ms)


Started GET "/airplanes/new" for ::1 at 2019-10-22 16:54:09 +0800
Processing by AirplanesController#new as HTML
  Rendering airplanes/new.html.erb within layouts/application
  Rendered airplanes/_form.html.erb (6.5ms)
  Rendered airplanes/new.html.erb within layouts/application (15.6ms)
Completed 200 OK in 184ms (Views: 180.1ms | ActiveRecord: 0.0ms)


Started GET "/airplanes" for ::1 at 2019-10-22 16:54:10 +0800
Processing by AirplanesController#index as HTML
  Rendering airplanes/index.html.erb within layouts/application
  [1m[36mAirplane Load (4.0ms)[0m  [1m[34mSELECT "airplanes".* FROM "airplanes"[0m
  ↳ app/views/airplanes/index.html.erb:36
  Rendered airplanes/index.html.erb within layouts/application (18.1ms)
Completed 200 OK in 278ms (Views: 272.5ms | ActiveRecord: 4.0ms)


Started GET "/airplanes/5" for ::1 at 2019-10-22 16:54:15 +0800
Processing by AirplanesController#show as HTML
  Parameters: {"id"=>"5"}
  [1m[36mAirplane Load (0.3ms)[0m  [1m[34mSELECT  "airplanes".* FROM "airplanes" WHERE "airplanes"."id" = ? LIMIT ?[0m  [["id", 5], ["LIMIT", 1]]
  ↳ app/controllers/airplanes_controller.rb:25
  Rendering airplanes/show.html.erb within layouts/application
  Rendered airplanes/show.html.erb within layouts/application (3.2ms)
Completed 200 OK in 174ms (Views: 170.2ms | ActiveRecord: 0.3ms)


Started DELETE "/airplanes/5" for ::1 at 2019-10-22 16:55:04 +0800
Processing by AirplanesController#destroy as HTML
  Parameters: {"authenticity_token"=>"Cgl0Arru+dtJlO8quDmLJrUQUQLtYvfCLURxzvItTayc+glOkOxV/uRd/Uv8IicCUAtjkjQ/9vtpyh3xvrPRQw==", "id"=>"5"}
  [1m[36mAirplane Load (0.4ms)[0m  [1m[34mSELECT  "airplanes".* FROM "airplanes" WHERE "airplanes"."id" = ? LIMIT ?[0m  [["id", 5], ["LIMIT", 1]]
  ↳ app/controllers/airplanes_controller.rb:45
  [1m[35m (0.4ms)[0m  [1m[36mbegin transaction[0m
  ↳ app/controllers/airplanes_controller.rb:46
  [1m[36mAirplane Destroy (3.3ms)[0m  [1m[31mDELETE FROM "airplanes" WHERE "airplanes"."id" = ?[0m  [["id", 5]]
  ↳ app/controllers/airplanes_controller.rb:46
  [1m[35m (9.8ms)[0m  [1m[36mcommit transaction[0m
  ↳ app/controllers/airplanes_controller.rb:46
Redirected to http://localhost:3000/airplanes
Completed 302 Found in 37ms (ActiveRecord: 13.9ms)


Started GET "/airplanes" for ::1 at 2019-10-22 16:55:04 +0800
Processing by AirplanesController#index as HTML
  Rendering airplanes/index.html.erb within layouts/application
  [1m[36mAirplane Load (0.3ms)[0m  [1m[34mSELECT "airplanes".* FROM "airplanes"[0m
  ↳ app/views/airplanes/index.html.erb:36
  Rendered airplanes/index.html.erb within layouts/application (7.4ms)
Completed 200 OK in 186ms (Views: 184.8ms | ActiveRecord: 0.3ms)


Started GET "/airplanes/4/edit" for ::1 at 2019-10-22 16:55:19 +0800
Processing by AirplanesController#edit as HTML
  Parameters: {"id"=>"4"}
  [1m[36mAirplane Load (0.3ms)[0m  [1m[34mSELECT  "airplanes".* FROM "airplanes" WHERE "airplanes"."id" = ? LIMIT ?[0m  [["id", 4], ["LIMIT", 1]]
  ↳ app/controllers/airplanes_controller.rb:30
  Rendering airplanes/edit.html.erb within layouts/application
  Rendered airplanes/edit.html.erb within layouts/application (9.0ms)
Completed 200 OK in 174ms (Views: 163.7ms | ActiveRecord: 0.3ms)


